#! /usr/bin/vvp
:ivl_version "12.0 (stable)";
:ivl_delay_selection "TYPICAL";
:vpi_time_precision + 0;
:vpi_module "/usr/lib/x86_64-linux-gnu/ivl/system.vpi";
:vpi_module "/usr/lib/x86_64-linux-gnu/ivl/vhdl_sys.vpi";
:vpi_module "/usr/lib/x86_64-linux-gnu/ivl/vhdl_textio.vpi";
:vpi_module "/usr/lib/x86_64-linux-gnu/ivl/v2005_math.vpi";
:vpi_module "/usr/lib/x86_64-linux-gnu/ivl/va_math.vpi";
S_0x61f7543ff5a0 .scope module, "symbol" "symbol" 2 1;
 .timescale 0 0;
v0x61f7543ff730_0 .var "i", 3 0;
v0x61f7544487f0_0 .var "j", 3 0;
v0x61f7544488d0_0 .var "n", 3 0;
    .scope S_0x61f7543ff5a0;
T_0 ;
    %pushi/vec4 5, 0, 4;
    %store/vec4 v0x61f7544488d0_0, 0, 4;
    %end;
    .thread T_0;
    .scope S_0x61f7543ff5a0;
T_1 ;
    %vpi_call 2 6 "$display", "Pattern:" {0 0 0};
    %pushi/vec4 0, 0, 4;
    %store/vec4 v0x61f7543ff730_0, 0, 4;
T_1.0 ;
    %load/vec4 v0x61f7543ff730_0;
    %load/vec4 v0x61f7544488d0_0;
    %cmp/u;
    %jmp/0xz T_1.1, 5;
    %pushi/vec4 0, 0, 4;
    %store/vec4 v0x61f7544487f0_0, 0, 4;
T_1.2 ;
    %load/vec4 v0x61f7544487f0_0;
    %pad/u 32;
    %load/vec4 v0x61f7544488d0_0;
    %pad/u 32;
    %load/vec4 v0x61f7543ff730_0;
    %pad/u 32;
    %sub;
    %subi 1, 0, 32;
    %cmp/u;
    %jmp/0xz T_1.3, 5;
    %vpi_call 2 9 "$write", " " {0 0 0};
    %load/vec4 v0x61f7544487f0_0;
    %addi 1, 0, 4;
    %store/vec4 v0x61f7544487f0_0, 0, 4;
    %jmp T_1.2;
T_1.3 ;
    %pushi/vec4 0, 0, 4;
    %store/vec4 v0x61f7544487f0_0, 0, 4;
T_1.4 ;
    %load/vec4 v0x61f7544487f0_0;
    %load/vec4 v0x61f7543ff730_0;
    %cmp/u;
    %flag_or 5, 4;
    %jmp/0xz T_1.5, 5;
    %vpi_call 2 11 "$write", "* " {0 0 0};
    %load/vec4 v0x61f7544487f0_0;
    %addi 1, 0, 4;
    %store/vec4 v0x61f7544487f0_0, 0, 4;
    %jmp T_1.4;
T_1.5 ;
    %vpi_call 2 12 "$display", "\000" {0 0 0};
    %load/vec4 v0x61f7543ff730_0;
    %addi 1, 0, 4;
    %store/vec4 v0x61f7543ff730_0, 0, 4;
    %jmp T_1.0;
T_1.1 ;
    %end;
    .thread T_1;
# The file index is used to find the file name in the following table.
:file_names 3;
    "N/A";
    "<interactive>";
    "pattern.sv";
