#! /usr/bin/vvp
:ivl_version "12.0 (stable)";
:ivl_delay_selection "TYPICAL";
:vpi_time_precision + 0;
:vpi_module "/usr/lib/x86_64-linux-gnu/ivl/system.vpi";
:vpi_module "/usr/lib/x86_64-linux-gnu/ivl/vhdl_sys.vpi";
:vpi_module "/usr/lib/x86_64-linux-gnu/ivl/vhdl_textio.vpi";
:vpi_module "/usr/lib/x86_64-linux-gnu/ivl/v2005_math.vpi";
:vpi_module "/usr/lib/x86_64-linux-gnu/ivl/va_math.vpi";
:vpi_module "/usr/lib/x86_64-linux-gnu/ivl/v2009.vpi";
S_0x58705ebe0a30 .scope package, "$unit" "$unit" 2 1;
 .timescale 0 0;
S_0x58705ebba560 .scope module, "prime_check" "prime_check" 3 1;
 .timescale 0 0;
v0x58705ebbc400_0 .var/2s "i", 31 0;
v0x58705ec04260_0 .var/2s "is_prime", 31 0;
v0x58705ec04340_0 .var/2s "j", 31 0;
    .scope S_0x58705ebba560;
T_0 ;
    %vpi_call/w 3 5 "$display", "Prime numbers from 1 to 20:" {0 0 0};
    %pushi/vec4 2, 0, 32;
    %store/vec4 v0x58705ebbc400_0, 0, 32;
T_0.0 ;
    %load/vec4 v0x58705ebbc400_0;
    %cmpi/s 20, 0, 32;
    %flag_or 5, 4;
    %jmp/0xz T_0.1, 5;
    %pushi/vec4 1, 0, 32;
    %store/vec4 v0x58705ec04260_0, 0, 32;
    %pushi/vec4 2, 0, 32;
    %store/vec4 v0x58705ec04340_0, 0, 32;
T_0.2 ;
    %load/vec4 v0x58705ec04340_0;
    %load/vec4 v0x58705ebbc400_0;
    %cmp/s;
    %jmp/0xz T_0.3, 5;
    %load/vec4 v0x58705ebbc400_0;
    %load/vec4 v0x58705ec04340_0;
    %mod/s;
    %cmpi/e 0, 0, 32;
    %jmp/0xz  T_0.4, 4;
    %pushi/vec4 0, 0, 32;
    %store/vec4 v0x58705ec04260_0, 0, 32;
T_0.4 ;
    %load/vec4 v0x58705ec04340_0;
    %addi 1, 0, 32;
    %cast2;
    %store/vec4 v0x58705ec04340_0, 0, 32;
    %jmp T_0.2;
T_0.3 ;
    %load/vec4 v0x58705ec04260_0;
    %cmpi/ne 0, 0, 32;
    %jmp/0xz  T_0.6, 4;
    %vpi_call/w 3 13 "$display", "%0d is Prime", v0x58705ebbc400_0 {0 0 0};
T_0.6 ;
    %load/vec4 v0x58705ebbc400_0;
    %addi 1, 0, 32;
    %cast2;
    %store/vec4 v0x58705ebbc400_0, 0, 32;
    %jmp T_0.0;
T_0.1 ;
    %end;
    .thread T_0;
# The file index is used to find the file name in the following table.
:file_names 4;
    "N/A";
    "<interactive>";
    "-";
    "prime.sv";
